  과제진행중.cpp
c:\users\82103\desktop\openglproject\openglproject\과제진행중.cpp(49): warning C4305: '초기화 중': 'double'에서 'GLfloat'(으)로 잘립니다.
c:\users\82103\desktop\openglproject\openglproject\과제진행중.cpp(52): warning C4305: '초기화 중': 'double'에서 'GLfloat'(으)로 잘립니다.
c:\users\82103\desktop\openglproject\openglproject\과제진행중.cpp(54): warning C4305: '초기화 중': 'double'에서 'GLfloat'(으)로 잘립니다.
c:\users\82103\desktop\openglproject\openglproject\과제진행중.cpp(95): warning C4305: '인수': 'double'에서 'GLfloat'(으)로 잘립니다.
c:\users\82103\desktop\openglproject\openglproject\과제진행중.cpp(105): warning C4305: '인수': 'double'에서 'GLfloat'(으)로 잘립니다.
c:\users\82103\desktop\openglproject\openglproject\과제진행중.cpp(112): warning C4305: '인수': 'double'에서 'GLfloat'(으)로 잘립니다.
c:\users\82103\desktop\openglproject\openglproject\과제진행중.cpp(122): warning C4305: '인수': 'double'에서 'GLfloat'(으)로 잘립니다.
c:\users\82103\desktop\openglproject\openglproject\과제진행중.cpp(126): warning C4305: '인수': 'double'에서 'GLfloat'(으)로 잘립니다.
c:\users\82103\desktop\openglproject\openglproject\과제진행중.cpp(133): warning C4305: '인수': 'double'에서 'GLfloat'(으)로 잘립니다.
c:\users\82103\desktop\openglproject\openglproject\과제진행중.cpp(135): warning C4305: '인수': 'double'에서 'GLfloat'(으)로 잘립니다.
c:\users\82103\desktop\openglproject\openglproject\과제진행중.cpp(139): warning C4305: '인수': 'double'에서 'GLfloat'(으)로 잘립니다.
c:\users\82103\desktop\openglproject\openglproject\과제진행중.cpp(143): warning C4305: '인수': 'double'에서 'GLfloat'(으)로 잘립니다.
c:\users\82103\desktop\openglproject\openglproject\과제진행중.cpp(150): warning C4305: '인수': 'double'에서 'GLfloat'(으)로 잘립니다.
c:\users\82103\desktop\openglproject\openglproject\과제진행중.cpp(152): warning C4305: '인수': 'double'에서 'GLfloat'(으)로 잘립니다.
c:\users\82103\desktop\openglproject\openglproject\과제진행중.cpp(153): warning C4305: '인수': 'double'에서 'GLfloat'(으)로 잘립니다.
c:\users\82103\desktop\openglproject\openglproject\과제진행중.cpp(156): warning C4305: '인수': 'double'에서 'GLfloat'(으)로 잘립니다.
c:\users\82103\desktop\openglproject\openglproject\과제진행중.cpp(160): warning C4305: '인수': 'double'에서 'GLfloat'(으)로 잘립니다.
c:\users\82103\desktop\openglproject\openglproject\과제진행중.cpp(167): warning C4305: '인수': 'double'에서 'GLfloat'(으)로 잘립니다.
c:\users\82103\desktop\openglproject\openglproject\과제진행중.cpp(176): warning C4305: '인수': 'double'에서 'GLfloat'(으)로 잘립니다.
c:\users\82103\desktop\openglproject\openglproject\과제진행중.cpp(184): warning C4305: '인수': 'double'에서 'GLfloat'(으)로 잘립니다.
c:\users\82103\desktop\openglproject\openglproject\과제진행중.cpp(193): warning C4305: '인수': 'double'에서 'GLfloat'(으)로 잘립니다.
c:\users\82103\desktop\openglproject\openglproject\과제진행중.cpp(245): warning C4244: '=': 'double'에서 'GLfloat'(으)로 변환하면서 데이터가 손실될 수 있습니다.
c:\users\82103\desktop\openglproject\openglproject\과제진행중.cpp(246): warning C4244: '=': 'double'에서 'GLfloat'(으)로 변환하면서 데이터가 손실될 수 있습니다.
c:\users\82103\desktop\openglproject\openglproject\과제진행중.cpp(250): warning C4244: '=': 'double'에서 'GLfloat'(으)로 변환하면서 데이터가 손실될 수 있습니다.
c:\users\82103\desktop\openglproject\openglproject\과제진행중.cpp(258): warning C4244: '=': 'double'에서 'GLfloat'(으)로 변환하면서 데이터가 손실될 수 있습니다.
c:\users\82103\desktop\openglproject\openglproject\과제진행중.cpp(259): warning C4244: '=': 'double'에서 'GLfloat'(으)로 변환하면서 데이터가 손실될 수 있습니다.
c:\users\82103\desktop\openglproject\openglproject\과제진행중.cpp(263): warning C4244: '=': 'double'에서 'GLfloat'(으)로 변환하면서 데이터가 손실될 수 있습니다.
c:\users\82103\desktop\openglproject\openglproject\과제진행중.cpp(278): warning C4244: '=': 'double'에서 'GLfloat'(으)로 변환하면서 데이터가 손실될 수 있습니다.
c:\users\82103\desktop\openglproject\openglproject\과제진행중.cpp(279): warning C4244: '=': 'double'에서 'GLfloat'(으)로 변환하면서 데이터가 손실될 수 있습니다.
c:\users\82103\desktop\openglproject\openglproject\과제진행중.cpp(283): warning C4244: '=': 'double'에서 'GLfloat'(으)로 변환하면서 데이터가 손실될 수 있습니다.
c:\users\82103\desktop\openglproject\openglproject\과제진행중.cpp(291): warning C4244: '=': 'double'에서 'GLfloat'(으)로 변환하면서 데이터가 손실될 수 있습니다.
c:\users\82103\desktop\openglproject\openglproject\과제진행중.cpp(292): warning C4244: '=': 'double'에서 'GLfloat'(으)로 변환하면서 데이터가 손실될 수 있습니다.
c:\users\82103\desktop\openglproject\openglproject\과제진행중.cpp(296): warning C4244: '=': 'double'에서 'GLfloat'(으)로 변환하면서 데이터가 손실될 수 있습니다.
c:\users\82103\desktop\openglproject\openglproject\과제진행중.cpp(308): warning C4244: '=': 'double'에서 'GLfloat'(으)로 변환하면서 데이터가 손실될 수 있습니다.
c:\users\82103\desktop\openglproject\openglproject\과제진행중.cpp(313): warning C4244: '=': 'double'에서 'GLfloat'(으)로 변환하면서 데이터가 손실될 수 있습니다.
c:\users\82103\desktop\openglproject\openglproject\과제진행중.cpp(314): warning C4244: '=': 'double'에서 'GLfloat'(으)로 변환하면서 데이터가 손실될 수 있습니다.
c:\users\82103\desktop\openglproject\openglproject\과제진행중.cpp(321): warning C4244: '=': 'double'에서 'GLfloat'(으)로 변환하면서 데이터가 손실될 수 있습니다.
c:\users\82103\desktop\openglproject\openglproject\과제진행중.cpp(326): warning C4244: '=': 'double'에서 'GLfloat'(으)로 변환하면서 데이터가 손실될 수 있습니다.
c:\users\82103\desktop\openglproject\openglproject\과제진행중.cpp(327): warning C4244: '=': 'double'에서 'GLfloat'(으)로 변환하면서 데이터가 손실될 수 있습니다.
c:\users\82103\desktop\openglproject\openglproject\과제진행중.cpp(335): warning C4244: '=': 'double'에서 'GLfloat'(으)로 변환하면서 데이터가 손실될 수 있습니다.
c:\users\82103\desktop\openglproject\openglproject\과제진행중.cpp(340): warning C4244: '=': 'double'에서 'GLfloat'(으)로 변환하면서 데이터가 손실될 수 있습니다.
c:\users\82103\desktop\openglproject\openglproject\과제진행중.cpp(341): warning C4244: '=': 'double'에서 'GLfloat'(으)로 변환하면서 데이터가 손실될 수 있습니다.
c:\users\82103\desktop\openglproject\openglproject\과제진행중.cpp(349): warning C4244: '=': 'double'에서 'GLfloat'(으)로 변환하면서 데이터가 손실될 수 있습니다.
c:\users\82103\desktop\openglproject\openglproject\과제진행중.cpp(353): warning C4244: '=': 'double'에서 'GLfloat'(으)로 변환하면서 데이터가 손실될 수 있습니다.
c:\users\82103\desktop\openglproject\openglproject\과제진행중.cpp(354): warning C4244: '=': 'double'에서 'GLfloat'(으)로 변환하면서 데이터가 손실될 수 있습니다.
c:\users\82103\desktop\openglproject\openglproject\과제진행중.cpp(366): warning C4244: '=': 'double'에서 'GLfloat'(으)로 변환하면서 데이터가 손실될 수 있습니다.
c:\users\82103\desktop\openglproject\openglproject\과제진행중.cpp(369): warning C4244: '=': 'double'에서 'GLfloat'(으)로 변환하면서 데이터가 손실될 수 있습니다.
c:\users\82103\desktop\openglproject\openglproject\과제진행중.cpp(375): warning C4244: '=': 'double'에서 'GLfloat'(으)로 변환하면서 데이터가 손실될 수 있습니다.
c:\users\82103\desktop\openglproject\openglproject\과제진행중.cpp(378): warning C4244: '=': 'double'에서 'GLfloat'(으)로 변환하면서 데이터가 손실될 수 있습니다.
  OpenGLProject.vcxproj -> C:\Users\82103\Desktop\OpenGLProject\x64\Debug\OpenGLProject.exe
